
Perft Profile (max_depth = 6)
Depth │ Positions │   Gen Time (s)   │  Move+Recurse Time (s)  │ Total Time (s)
──────┼────────────┼──────────────────┼────────────────────────┼───────────────
    1 │         1 │       0.000266 │            2177.939180 │   2177.939446
    2 │        20 │       0.004624 │            2177.933059 │   2177.937682
    3 │       400 │       0.090292 │            2177.835102 │   2177.925394
    4 │     8,902 │       2.127389 │            2175.489739 │   2177.617127
    5 │   197,281 │      49.412475 │            2122.331286 │   2171.743761
    6 │ 4,865,609 │    1274.342792 │             788.709282 │   2063.052074

Total leaf‐node count at depth 6: 119,060,324

Perft Profile (max_depth = 6)
Depth │ Positions │   Gen Time (s)   │  Move+Recurse Time (s)  │ Total Time (s)
──────┼────────────┼──────────────────┼────────────────────────┼───────────────
    1 │         1 │       0.000183 │            1189.184757 │   1189.184940
    2 │        20 │       0.002592 │            1189.181811 │   1189.184403
    3 │       400 │       0.047699 │            1189.127915 │   1189.175614
    4 │     8,902 │       1.147420 │            1187.910507 │   1189.057927
    5 │   197,281 │      25.638565 │            1160.834376 │   1186.472941
    6 │ 4,865,609 │     692.843741 │             436.289384 │   1129.133125

Total leaf‐node count at depth 6: 119,060,324

Perft Profile (max_depth = 6)
Depth │ Positions │   Gen Time (s)   │  Move+Recurse Time (s)  │ Total Time (s)
──────┼───────────┼──────────────────┼─────────────────────────┼───────────────
    1 │         1 │         0.000186 │             1143.285693 │   1143.285879
    2 │        20 │         0.002423 │             1143.282980 │   1143.285403
    3 │       400 │         0.045882 │             1143.231219 │   1143.277101
    4 │     8,902 │         1.094466 │             1142.070740 │   1143.165207
    5 │   197,281 │        24.698235 │             1115.941965 │   1140.640199
    6 │ 4,865,609 │       664.747960 │              419.665283 │   1084.413244

Total leaf‐node count at depth 6: 119,060,324

Perft Profile (max_depth = 6)
Depth │ Positions │   Gen Time (s)   │  Move+Recurse Time (s)  │ Total Time (s)
──────┼───────────┼──────────────────┼─────────────────────────┼───────────────
    1 │         1 │         0.000160 │              652.985698 │    652.985859
    2 │        20 │         0.001562 │              652.984007 │    652.985569
    3 │       400 │         0.034431 │              652.948202 │    652.982634
    4 │     8,902 │         0.731213 │              652.188772 │    652.919985
    5 │   197,281 │        18.176931 │              633.515093 │    651.692024
    6 │ 4,865,609 │       436.135361 │              184.693820 │    620.829182

Total leaf‐node count at depth 6: 119,060,324
